Arguments: 
  D:\Program Files\nodejs\node.exe C:\Users\clay\AppData\Roaming\npm\node_modules\yarn\bin\yarn.js start

PATH: 
  D:\Program Files\Git\mingw64\bin;D:\Program Files\Git\usr\bin;C:\Users\clay\bin;C:\WINDOWS\system32;C:\WINDOWS;C:\WINDOWS\System32\Wbem;C:\WINDOWS\System32\WindowsPowerShell\v1.0;C:\WINDOWS\System32\OpenSSH;D:\Program Files\nodejs;D:\Program Files\Git\cmd;C:\Program Files\dotnet;D:\BaiduNetdiskDownload\BasicGo;C:\Users\clay\AppData\Roaming\npm;C:\Program Files\Microsoft SQL Server\130\Tools\Binn;D:\Program Files (x86)\Microsoft SQL Server\100\Tools\Binn;D:\Program Files\Microsoft SQL Server\100\Tools\Binn;D:\Program Files\Microsoft SQL Server\100\DTS\Binn;D:\Program Files (x86)\Microsoft SQL Server\100\Tools\Binn\VSShell\Common7\IDE;C:\Program Files (x86)\Microsoft Visual Studio 9.0\Common7\IDE\PrivateAssemblies;D:\Program Files (x86)\Microsoft SQL Server\100\DTS\Binn;C:\Program Files (x86)\MySQL\MySQL Server 5.1\bin;D:\qshell-v2.3.5;D:\Ruby25-x64\bin;D:\Program Files (x86)\Microsoft Visual Studio\Common\Tools\WinNT;D:\Program Files (x86)\Microsoft Visual Studio\Common\MSDev98\Bin;D:\Program Files (x86)\Microsoft Visual Studio\Common\Tools;D:\Program Files (x86)\Microsoft Visual Studio\VC98\bin;D:\Users\clay\AppData\Local\Programs\Microsoft VS Code\bin;C:\Program Files (x86)\MySQL\MySQL Server 5.1\bin;C:\Users\clay\AppData\Local\GitHubDesktop\bin;%USERPROFILE%\AppData\Local\Microsoft\WindowsApps

Yarn version: 
  1.13.0

Node version: 
  8.12.0

Platform: 
  win32 x64

Trace: 
  SyntaxError: D:\BaiduNetdiskDownload\我的项目\官网重构项目\pzhuweb\package.json: Unexpected token < in JSON at position 465
      at JSON.parse (<anonymous>)
      at C:\Users\clay\AppData\Roaming\npm\node_modules\yarn\lib\cli.js:1625:59
      at Generator.next (<anonymous>)
      at step (C:\Users\clay\AppData\Roaming\npm\node_modules\yarn\lib\cli.js:304:30)
      at C:\Users\clay\AppData\Roaming\npm\node_modules\yarn\lib\cli.js:315:13
      at <anonymous>

npm manifest: 
  {
    "name": "web",
    "version": "1.0.0",
    "description": "a website for pzhuweb",
    "main": "index.js",
    "scripts": {
      "test": "echo \"Error: no test specified\" && exit 1",
      "start": "webpack-dev-server --open --env development --config ./webpack.common.js",
      "build": "webpack --env production --config ./webpack.common.js"
    },
    "keywords": [],
    "author": "",
    "license": "ISC",
    "devDependencies": {
      "awesome-typescript-loader": "^5.2.1",
      "babel-core": "^6.26.3",
      "babel-loader": "^7.1.4",
      "babel-plugin-import": "^1.11.0",
      "babel-polyfill": "^6.26.0",
      "babel-preset-env": "^1.7.0",
      "babel-preset-react": "^6.24.1",
      "babel-preset-stage-0": "^6.24.1",
      "clean-webpack-plugin": "^1.0.0",
      "css-loader": "^1.0.1",
      "extract-text-webpack-plugin": "^3.0.2",
      "file-loader": "^2.0.0",
      "html-webpack-plugin": "^3.2.0",
      "mini-css-extract-plugin": "^0.4.5",
      "node-sass": "^4.10.0",
      "postcss-loader": "^3.0.0",
      "sass-loader": "^7.1.0",
      "style-loader": "^0.23.1",
      "url-loader": "^1.1.2",
      "webpack": "^4.26.0",
      "webpack-cli": "^3.1.2",
      "webpack-dev-server": "^3.1.10",
      "webpack-merge": "^4.1.4"
    },
    "dependencies": {
      "@fullpage/react-fullpage": "^0.1.13",
      "@types/lodash": "^4.14.117",
      "@types/prop-types": "15.5.5",
      "@types/react": "16.4.14",
      "@types/react-dom": "16.0.7",
      "@types/react-redux": "6.0.6",
      "@types/react-router": "3.0.8",
      "antd": "^3.11.2",
      "axios": "^0.18.0",
      "braft-editor": "^2.2.7",
      "classnames": "^2.2.6",
      "echarts-for-react": "1.4.4",
      "lodash": "^4.17.10",
      "md5": "^2.2.1",
      "prop-types": "^15.6.2",
      "qiniu-js": "^2.5.4",
      "react": "^16.6.3",
      "react-dom": "^16.6.3",
      "react-redux": "^5.0.7",
      "react-router": "^3.2.1",
      "react-router-redux": "4.0.8",
      "redux": "3.5.2",
      "redux-thunk": "2.1.0"
    }
  }

yarn manifest: 
  No manifest

Lockfile: 
  No lockfile
