Arguments: 
  D:\Program Files\nodejs\node.exe C:\Users\clay\AppData\Roaming\npm\node_modules\yarn\bin\yarn.js

PATH: 
  D:\Program Files\Git\mingw64\bin;D:\Program Files\Git\usr\bin;C:\Users\clay\bin;C:\WINDOWS\system32;C:\WINDOWS;C:\WINDOWS\System32\Wbem;C:\WINDOWS\System32\WindowsPowerShell\v1.0;C:\WINDOWS\System32\OpenSSH;D:\Program Files\nodejs;D:\Program Files\Git\cmd;C:\Program Files\dotnet;D:\BaiduNetdiskDownload\BasicGo;C:\Users\clay\AppData\Roaming\npm;C:\Program Files\Microsoft SQL Server\130\Tools\Binn;D:\Program Files (x86)\Microsoft SQL Server\100\Tools\Binn;D:\Program Files\Microsoft SQL Server\100\Tools\Binn;D:\Program Files\Microsoft SQL Server\100\DTS\Binn;D:\Program Files (x86)\Microsoft SQL Server\100\Tools\Binn\VSShell\Common7\IDE;C:\Program Files (x86)\Microsoft Visual Studio 9.0\Common7\IDE\PrivateAssemblies;D:\Program Files (x86)\Microsoft SQL Server\100\DTS\Binn;C:\Program Files (x86)\MySQL\MySQL Server 5.1\bin;D:\qshell-v2.3.5;D:\Ruby25-x64\bin;D:\Program Files (x86)\Microsoft Visual Studio\Common\Tools\WinNT;D:\Program Files (x86)\Microsoft Visual Studio\Common\MSDev98\Bin;D:\Program Files (x86)\Microsoft Visual Studio\Common\Tools;D:\Program Files (x86)\Microsoft Visual Studio\VC98\bin;D:\Users\clay\AppData\Local\Programs\Microsoft VS Code\bin;C:\Program Files (x86)\MySQL\MySQL Server 5.1\bin;C:\Users\clay\AppData\Local\GitHubDesktop\bin;%USERPROFILE%\AppData\Local\Microsoft\WindowsApps

Yarn version: 
  1.13.0

Node version: 
  8.12.0

Platform: 
  win32 x64

Trace: 
  Error: EEXIST: file already exists, mkdir 'D:\我的项目\官网重构项目\pzhuweb\node_modules\mocha\node_modules\string-width\node_modules'

npm manifest: 
  {
    "name": "pzhu-web",
    "version": "1.0.0",
    "description": "a website for pzhu-web",
    "main": "index.js",
    "scripts": {
      "start": "egg-bin dev",
      "cov": "egg-bin cov",
      "test": "echo \"Error: no test specified\" && exit 1"
    },
    "keywords": [],
    "author": "",
    "license": "ISC",
    "dependencies": {
      "create-react-app": "^2.1.1",
      "egg": "^2.14.1",
      "egg-cors": "^2.1.2",
      "egg-sequelize": "^4.2.0",
      "egg-view-nunjucks": "^2.2.0",
      "jsonwebtoken": "^8.5.0",
      "lodash": "^4.17.11",
      "md5": "^2.2.1",
      "mysql2": "^1.6.5",
      "nodemailer": "^5.1.1",
      "qiniu": "^7.2.1"
    },
    "devDependencies": {
      "egg-bin": "^4.9.0",
      "egg-mock": "^3.20.1",
      "egg-scripts": "^2.11.0",
      "eslint": "^5.10.0",
      "eslint-config-egg": "^7.1.0",
      "sequelize-cli": "^5.4.0"
    }
  }

yarn manifest: 
  No manifest

Lockfile: 
  No lockfile
